Connected.

Table created.

Elapsed: 00:00:00.03

Comment created.

Elapsed: 00:00:00.00

Comment created.

Elapsed: 00:00:00.00

Table created.

Elapsed: 00:00:00.00

Comment created.

Elapsed: 00:00:00.00

Comment created.

Elapsed: 00:00:00.00

Comment created.

Elapsed: 00:00:00.00

Comment created.

Elapsed: 00:00:00.00

Comment created.

Elapsed: 00:00:00.00

Comment created.

Elapsed: 00:00:00.00

Table created.

Elapsed: 00:00:00.00

Comment created.

Elapsed: 00:00:00.00

Comment created.

Elapsed: 00:00:00.00

Comment created.

Elapsed: 00:00:00.00

Table created.

Elapsed: 00:00:00.00

Comment created.

Elapsed: 00:00:00.00

Comment created.

Elapsed: 00:00:00.00

Comment created.

Elapsed: 00:00:00.00

Comment created.

Elapsed: 00:00:00.00

Table created.

Elapsed: 00:00:00.00

Comment created.

Elapsed: 00:00:00.00

Comment created.

Elapsed: 00:00:00.00

Table created.

Elapsed: 00:00:00.01

Comment created.

Elapsed: 00:00:00.00

Comment created.

Elapsed: 00:00:00.00

Comment created.

Elapsed: 00:00:00.00

Table created.

Elapsed: 00:00:00.00

Comment created.

Elapsed: 00:00:00.00

Comment created.

Elapsed: 00:00:00.00

Comment created.

Elapsed: 00:00:00.00

Comment created.

Elapsed: 00:00:00.00

Table created.

Elapsed: 00:00:00.00

Comment created.

Elapsed: 00:00:00.00

Comment created.

Elapsed: 00:00:00.00

Comment created.

Elapsed: 00:00:00.00

Comment created.

Elapsed: 00:00:00.00

Comment created.

Elapsed: 00:00:00.00

Comment created.

Elapsed: 00:00:00.00

Table created.

Elapsed: 00:00:00.00

Comment created.

Elapsed: 00:00:00.00

Comment created.

Elapsed: 00:00:00.00

Comment created.

Elapsed: 00:00:00.00

Table altered.

Elapsed: 00:00:00.01

Table altered.

Elapsed: 00:00:00.00

Table altered.

Elapsed: 00:00:00.00

Table altered.

Elapsed: 00:00:00.00

Table altered.

Elapsed: 00:00:00.00

Table altered.

Elapsed: 00:00:00.00

Table altered.

Elapsed: 00:00:00.00

Table altered.

Elapsed: 00:00:00.00

Table altered.

Elapsed: 00:00:00.00
