"execute create_tablespace.sql for data tablespace"
"user_name = MMF_9_3"
"file location = C:\USERS\XIAOMI\DESKTOP\HACKERC\"
old   1: CREATE TABLESPACE &&DATA_TBSP_NAME
new   1: CREATE TABLESPACE MMF_9_3_DATA
old   2:     DATAFILE '&&DATA_FILE_NAME' SIZE 10M AUTOEXTEND ON NEXT 10M MAXSIZE 10G
new   2:     DATAFILE 'C:\USERS\XIAOMI\DESKTOP\HACKERC\MMF_9_3_DATA.dbf' SIZE 10M AUTOEXTEND ON NEXT 10M MAXSIZE 10G

Tablespace created.

Elapsed: 00:00:00.10
"execute create_tablespace.sql for index tablespace"
"user_name = MMF_9_3"
"file location = C:\USERS\XIAOMI\DESKTOP\HACKERC\"
old   1: CREATE TABLESPACE &&DATA_TBSP_NAME
new   1: CREATE TABLESPACE MMF_9_3_IDX
old   2:     DATAFILE '&&DATA_FILE_NAME' SIZE 10M AUTOEXTEND ON NEXT 10M MAXSIZE 10G
new   2:     DATAFILE 'C:\USERS\XIAOMI\DESKTOP\HACKERC\MMF_9_3_IDX.dbf' SIZE 10M AUTOEXTEND ON NEXT 10M MAXSIZE 10G

Tablespace created.

Elapsed: 00:00:00.04
old   1: CREATE USER &&USER_NAME
new   1: CREATE USER MMF_9_3
old   3:     DEFAULT TABLESPACE &&USER_NAME._DATA
new   3:     DEFAULT TABLESPACE MMF_9_3_DATA

User created.

Elapsed: 00:00:00.03
old   1: GRANT CREATE PROCEDURE TO &&USER_NAME
new   1: GRANT CREATE PROCEDURE TO MMF_9_3

Grant succeeded.

Elapsed: 00:00:00.00
old   1: GRANT CREATE SEQUENCE TO &&USER_NAME
new   1: GRANT CREATE SEQUENCE TO MMF_9_3

Grant succeeded.

Elapsed: 00:00:00.00
old   1: GRANT CREATE TABLE TO &&USER_NAME
new   1: GRANT CREATE TABLE TO MMF_9_3

Grant succeeded.

Elapsed: 00:00:00.00
old   1: GRANT CREATE TYPE TO &&USER_NAME
new   1: GRANT CREATE TYPE TO MMF_9_3

Grant succeeded.

Elapsed: 00:00:00.00
old   1: GRANT CREATE TRIGGER TO &&USER_NAME
new   1: GRANT CREATE TRIGGER TO MMF_9_3

Grant succeeded.

Elapsed: 00:00:00.00
old   1: GRANT CREATE SYNONYM TO &&USER_NAME
new   1: GRANT CREATE SYNONYM TO MMF_9_3

Grant succeeded.

Elapsed: 00:00:00.00
old   1: GRANT CREATE SESSION TO &&USER_NAME
new   1: GRANT CREATE SESSION TO MMF_9_3

Grant succeeded.

Elapsed: 00:00:00.00
old   1: GRANT CREATE ANY DIRECTORY TO &&USER_NAME
new   1: GRANT CREATE ANY DIRECTORY TO MMF_9_3

Grant succeeded.

Elapsed: 00:00:00.00
